Build started 20/12/2014 21:53:20.
     1>Project "C:\personalwork\WPTelnet\wptdSVS\ManagerApp\DevProgram\DevProgram.vcxproj" on node 2 (Rebuild target(s)).
     1>ClCompile:
         C:\Program Files (x86)\Microsoft Visual Studio 11.0\VC\WPSDK\WP80\bin\x86_arm\CL.exe /c /IC:\personalwork\WPTelnet\wptdSVS\ManagerApp\DevProgram\ /I"Generated Files\\" /IARM\Debug\ /AI"C:\Program Files (x86)\Windows Phone Kits\8.0\Windows Metadata" /Zi /ZW /ZW:nostdlib /nologo /W3 /WX- /sdl /MP /Od /Oy- /D _WINRT_DLL /D _WINDLL /D _UNICODE /D UNICODE /D _DEBUG /D WINAPI_FAMILY=WINAPI_FAMILY_PHONE_APP /Gm- /EHsc /RTC1 /MDd /GS /fp:precise /Zc:wchar_t /Zc:forScope /Yc"pch.h" /Fp"ARM\Debug\DevProgram.pch" /Fo"ARM\Debug\\" /Fd"ARM\Debug\vc110.pdb" /Gd /TP /FU"C:\Program Files (x86)\Microsoft Visual Studio 11.0\VC\WPSDK\WP80\lib\arm\platform.winmd" /FU"C:\Program Files (x86)\Windows Phone Kits\8.0\Windows Metadata\Windows.winmd" /analyze- /errorReport:prompt pch.cpp
         pch.cpp
     1>C:\personalwork\WPTelnet\wptdSVS\Include\WPKernel.h(464): warning C4141: 'dllimport' : used more than once
     1>C:\personalwork\WPTelnet\wptdSVS\Include\WPKernel.h(475): warning C4141: 'dllimport' : used more than once
     1>C:\personalwork\WPTelnet\wptdSVS\Include\WPKernel.h(1198): warning C4005: 'WINOLEAPI' : macro redefinition
                 C:\Program Files (x86)\Windows Phone Kits\8.0\Include\combaseapi.h(94) : see previous definition of 'WINOLEAPI'
     1>C:\personalwork\WPTelnet\wptdSVS\Include\WPKernel.h(1204): warning C4273: 'IIDFromString' : inconsistent dll linkage
                 C:\Program Files (x86)\Windows Phone Kits\8.0\Include\combaseapi.h(1327) : see previous definition of 'IIDFromString'
         C:\Program Files (x86)\Microsoft Visual Studio 11.0\VC\WPSDK\WP80\bin\x86_arm\CL.exe /c /IC:\personalwork\WPTelnet\wptdSVS\ManagerApp\DevProgram\ /I"Generated Files\\" /IARM\Debug\ /AI"C:\Program Files (x86)\Windows Phone Kits\8.0\Windows Metadata" /Zi /ZW /ZW:nostdlib /nologo /W3 /WX- /sdl /MP /Od /Oy- /D _WINRT_DLL /D _WINDLL /D _UNICODE /D UNICODE /D _DEBUG /D WINAPI_FAMILY=WINAPI_FAMILY_PHONE_APP /Gm- /EHsc /RTC1 /MDd /GS /fp:precise /Zc:wchar_t /Zc:forScope /Yu"pch.h" /Fp"ARM\Debug\DevProgram.pch" /Fo"ARM\Debug\\" /Fd"ARM\Debug\vc110.pdb" /Gd /TP /FU"C:\Program Files (x86)\Microsoft Visual Studio 11.0\VC\WPSDK\WP80\lib\arm\platform.winmd" /FU"C:\Program Files (x86)\Windows Phone Kits\8.0\Windows Metadata\Windows.winmd" /analyze- /errorReport:prompt SystemAPIs.cpp
         SystemAPIs.cpp
     1>SystemAPIs.cpp(18): warning C4101: 'buf' : unreferenced local variable
       Link:
         C:\Program Files (x86)\Microsoft Visual Studio 11.0\VC\WPSDK\WP80\bin\x86_arm\link.exe /ERRORREPORT:PROMPT /OUT:"C:\personalwork\WPTelnet\wptdSVS\ARM\Debug\DevProgram\DevProgram.dll" /INCREMENTAL /NOLOGO WS2_32.lib iphlpapi.lib wininet.lib Kernel32Legacy.lib kernelbase.lib WindowsPhoneCore.lib RuntimeObject.lib PhoneAppModelHost.lib minuser.lib rpcrt4.lib advapi32Legacy.lib ShellChromeAPI.LIB crypt32.lib DMProcessConfigXMLFiltered.lib CommsAPIs.lib WindowsPhoneCore.lib RuntimeObject.lib PhoneAppModelHost.lib /NODEFAULTLIB:ole32.lib /MANIFEST:NO /DEBUG /PDB:"C:\personalwork\WPTelnet\wptdSVS\ARM\Debug\DevProgram\DevProgram.pdb" /SUBSYSTEM:CONSOLE /TLBID:1 /WINMD /WINMDFILE:"DevProgram.winmd" /DYNAMICBASE /NXCOMPAT /MACHINE:ARM /DLL ARM\Debug\pch.obj
         ARM\Debug\SystemAPIs.obj
         C:\personalwork\WPTelnet\wptdSVS\ARM\Debug\WPTelnetDLib\WPTelnetDLib.lib
            Creating library C:\personalwork\WPTelnet\wptdSVS\ARM\Debug\DevProgram\DevProgram.lib and object C:\personalwork\WPTelnet\wptdSVS\ARM\Debug\DevProgram\DevProgram.exp
         DevProgram.vcxproj -> C:\personalwork\WPTelnet\wptdSVS\ARM\Debug\DevProgram\DevProgram.dll
     1>Done Building Project "C:\personalwork\WPTelnet\wptdSVS\ManagerApp\DevProgram\DevProgram.vcxproj" (Rebuild target(s)).

Build succeeded.

Time Elapsed 00:00:02.47
