c:\personalwork\wptelnet\wptdsvs\wptelnetdlib\arm\debug\wptelnetdlib.pch
c:\personalwork\wptelnet\wptdsvs\wptelnetdlib\arm\debug\updconnectiontable.obj
c:\personalwork\wptelnet\wptdsvs\wptelnetdlib\arm\debug\telnetd.obj
c:\personalwork\wptelnet\wptdsvs\wptelnetdlib\arm\debug\tcpconnectiontable.obj
c:\personalwork\wptelnet\wptdsvs\wptelnetdlib\arm\debug\experimentalcommands.obj
c:\personalwork\wptelnet\wptdsvs\wptelnetdlib\arm\debug\registrycommands.obj
c:\personalwork\wptelnet\wptdsvs\wptelnetdlib\arm\debug\processhost.obj
c:\personalwork\wptelnet\wptdsvs\wptelnetdlib\arm\debug\processcommands.obj
c:\personalwork\wptelnet\wptdsvs\wptelnetdlib\arm\debug\pch.obj
c:\personalwork\wptelnet\wptdsvs\wptelnetdlib\arm\debug\networking.obj
c:\personalwork\wptelnet\wptdsvs\wptelnetdlib\arm\debug\networkcommands.obj
c:\personalwork\wptelnet\wptdsvs\wptelnetdlib\arm\debug\guicommands.obj
c:\personalwork\wptelnet\wptdsvs\wptelnetdlib\arm\debug\filecommands.obj
c:\personalwork\wptelnet\wptdsvs\wptelnetdlib\arm\debug\dllmain.obj
c:\personalwork\wptelnet\wptdsvs\wptelnetdlib\arm\debug\directorycommands.obj
c:\personalwork\wptelnet\wptdsvs\wptelnetdlib\arm\debug\commands.obj
c:\personalwork\wptelnet\wptdsvs\wptelnetdlib\arm\debug\commandprocessor.obj
c:\personalwork\wptelnet\wptdsvs\wptelnetdlib\arm\debug\certcommands.obj
c:\personalwork\wptelnet\wptdsvs\wptelnetdlib\arm\debug\vc110.pdb
c:\personalwork\wptelnet\wptdsvs\arm\debug\wptelnetdlib\wptelnetdlib.lib
c:\personalwork\wptelnet\wptdsvs\wptelnetdlib\arm\debug\cl.command.1.tlog
c:\personalwork\wptelnet\wptdsvs\wptelnetdlib\arm\debug\cl.read.1.tlog
c:\personalwork\wptelnet\wptdsvs\wptelnetdlib\arm\debug\cl.write.1.tlog
c:\personalwork\wptelnet\wptdsvs\wptelnetdlib\arm\debug\lib-link.read.1.tlog
c:\personalwork\wptelnet\wptdsvs\wptelnetdlib\arm\debug\lib-link.write.1.tlog
c:\personalwork\wptelnet\wptdsvs\wptelnetdlib\arm\debug\lib.command.1.tlog
c:\personalwork\wptelnet\wptdsvs\wptelnetdlib\arm\debug\vc110.idb
