  UpdConnectionTable.cpp
C:\personalwork\WpTelnetDVCS\WPTelnetD\Include\WPKernel.h(480): warning C4141: 'dllimport' : used more than once
C:\personalwork\WpTelnetDVCS\WPTelnetD\Include\WPKernel.h(500): warning C4141: 'dllimport' : used more than once
UpdConnectionTable.cpp(20): warning C4101: 'szRemoteAddr' : unreferenced local variable
  TelnetD.cpp
TelnetD.cpp(179): warning C4101: 'error' : unreferenced local variable
  TcpConnectionTable.cpp
  ServiceControl.cpp
  ServiceCommands.cpp
  RegistryCommands.cpp
RegistryCommands.cpp(98): warning C4305: 'argument' : truncation from 'int' to 'char'
RegistryCommands.cpp(98): warning C4309: 'argument' : truncation of constant value
RegistryCommands.cpp(115): warning C4129: 'P' : unrecognized character escape sequence
RegistryCommands.cpp(115): warning C4129: 'V' : unrecognized character escape sequence
RegistryCommands.cpp(205): warning C4800: 'DWORD' : forcing value to bool 'true' or 'false' (performance warning)
RegistryCommands.cpp(367): warning C4018: '<' : signed/unsigned mismatch
RegistryCommands.cpp(413): warning C4018: '<' : signed/unsigned mismatch
RegistryCommands.cpp(589): warning C4101: 'u' : unreferenced local variable
RegistryCommands.cpp(903): warning C4018: '<' : signed/unsigned mismatch
RegistryCommands.cpp(909): warning C4018: '<' : signed/unsigned mismatch
RegistryCommands.cpp(925): warning C4018: '<' : signed/unsigned mismatch
RegistryCommands.cpp(945): warning C4018: '<' : signed/unsigned mismatch
  ProcessHost.cpp
ProcessHost.cpp(75): warning C4800: 'BOOL' : forcing value to bool 'true' or 'false' (performance warning)
ProcessHost.cpp(90): warning C4800: 'BOOL' : forcing value to bool 'true' or 'false' (performance warning)
ProcessHost.cpp(84): warning C4101: 'bytesWritten' : unreferenced local variable
c:\personalwork\wptelnetdvcs\wptelnetd\wptelnetdlib\processhost.cpp(63): warning C4715: 'ProcessHost::CreateChildProcess' : not all control paths return a value
  ProcessCommands.cpp
ProcessCommands.cpp(42): warning C4800: 'BOOL' : forcing value to bool 'true' or 'false' (performance warning)
ProcessCommands.cpp(73): warning C4800: 'BOOL' : forcing value to bool 'true' or 'false' (performance warning)
  pch.cpp
  NetworkCommands.cpp
NetworkCommands.cpp(140): warning C4018: '<' : signed/unsigned mismatch
  GuiCommands.cpp
  FileHelpers.cpp
FileHelpers.cpp(61): warning C4101: 'size' : unreferenced local variable
  FileCommands.cpp
  ExperimentalCommands.cpp
  DirectoryCommands.cpp
  Commands.cpp
Commands.cpp(107): warning C4018: '<' : signed/unsigned mismatch
Commands.cpp(141): warning C4018: '<' : signed/unsigned mismatch
  CertCommands.cpp
CertCommands.cpp(17): warning C4102: 'std' : unreferenced label
  AclHelpers.cpp
c:\personalwork\wptelnetdvcs\wptelnetd\wptelnetdlib\aclhelpers.cpp(89): warning C4715: 'GetAceTypeName' : not all control paths return a value
pch.obj : warning LNK4221: This object file does not define any previously undefined public symbols, so it will not be used by any link operation that consumes this library
  WPTelnetDLib.vcxproj -> C:\personalwork\WpTelnetDVCS\WPTelnetD\ARM\Debug\WPTelnetDLib\WPTelnetDLib.lib
